Traceback (most recent call last):
  File "C:\ProgramData\anaconda3\Lib\site-packages\jupyter_cache\executors\utils.py", line 58, in single_nb_execution
    executenb(
  File "C:\ProgramData\anaconda3\Lib\site-packages\nbclient\client.py", line 1305, in execute
    return NotebookClient(nb=nb, resources=resources, km=km, **kwargs).execute()
           ^^^^^^^^^^^^^^^^^^^^^^^^^^^^^^^^^^^^^^^^^^^^^^^^^^^^^^^^^^^^^^^^^^^^^
  File "C:\ProgramData\anaconda3\Lib\site-packages\jupyter_core\utils\__init__.py", line 165, in wrapped
    return loop.run_until_complete(inner)
           ^^^^^^^^^^^^^^^^^^^^^^^^^^^^^^
  File "C:\ProgramData\anaconda3\Lib\asyncio\base_events.py", line 687, in run_until_complete
    return future.result()
           ^^^^^^^^^^^^^^^
  File "C:\ProgramData\anaconda3\Lib\site-packages\nbclient\client.py", line 705, in async_execute
    await self.async_execute_cell(
  File "C:\ProgramData\anaconda3\Lib\site-packages\nbclient\client.py", line 1058, in async_execute_cell
    await self._check_raise_for_error(cell, cell_index, exec_reply)
  File "C:\ProgramData\anaconda3\Lib\site-packages\nbclient\client.py", line 914, in _check_raise_for_error
    raise CellExecutionError.from_cell_and_msg(cell, exec_reply_content)
nbclient.exceptions.CellExecutionError: An error occurred while executing the following cell:
------------------
import statsmodels.formula.api as smf

# the linear model is definded by strings the in the formula
model = smf.ols(formula="total ~ speeding", data=crashes).fit()

# model summary
print(model.summary())
------------------


[1;31m---------------------------------------------------------------------------[0m
[1;31mImportError[0m                               Traceback (most recent call last)
Cell [1;32mIn[3], line 1[0m
[1;32m----> 1[0m [38;5;28;01mimport[39;00m [38;5;21;01mstatsmodels[39;00m[38;5;21;01m.[39;00m[38;5;21;01mformula[39;00m[38;5;21;01m.[39;00m[38;5;21;01mapi[39;00m [38;5;28;01mas[39;00m [38;5;21;01msmf[39;00m
[0;32m      3[0m [38;5;66;03m# the linear model is definded by strings the in the formula[39;00m
[0;32m      4[0m model [38;5;241m=[39m smf[38;5;241m.[39mols(formula[38;5;241m=[39m[38;5;124m"[39m[38;5;124mtotal ~ speeding[39m[38;5;124m"[39m, data[38;5;241m=[39mcrashes)[38;5;241m.[39mfit()

File [1;32mC:\ProgramData\anaconda3\Lib\site-packages\statsmodels\formula\api.py:2[0m
[0;32m      1[0m [38;5;28;01mimport[39;00m [38;5;21;01mstatsmodels[39;00m[38;5;21;01m.[39;00m[38;5;21;01mregression[39;00m[38;5;21;01m.[39;00m[38;5;21;01mlinear_model[39;00m [38;5;28;01mas[39;00m [38;5;21;01mlm_[39;00m
[1;32m----> 2[0m [38;5;28;01mimport[39;00m [38;5;21;01mstatsmodels[39;00m[38;5;21;01m.[39;00m[38;5;21;01mdiscrete[39;00m[38;5;21;01m.[39;00m[38;5;21;01mdiscrete_model[39;00m [38;5;28;01mas[39;00m [38;5;21;01mdm_[39;00m
[0;32m      3[0m [38;5;28;01mimport[39;00m [38;5;21;01mstatsmodels[39;00m[38;5;21;01m.[39;00m[38;5;21;01mdiscrete[39;00m[38;5;21;01m.[39;00m[38;5;21;01mconditional_models[39;00m [38;5;28;01mas[39;00m [38;5;21;01mdcm_[39;00m
[0;32m      4[0m [38;5;28;01mimport[39;00m [38;5;21;01mstatsmodels[39;00m[38;5;21;01m.[39;00m[38;5;21;01mregression[39;00m[38;5;21;01m.[39;00m[38;5;21;01mmixed_linear_model[39;00m [38;5;28;01mas[39;00m [38;5;21;01mmlm_[39;00m

File [1;32mC:\ProgramData\anaconda3\Lib\site-packages\statsmodels\discrete\discrete_model.py:38[0m
[0;32m     36[0m [38;5;28;01mimport[39;00m [38;5;21;01mstatsmodels[39;00m[38;5;21;01m.[39;00m[38;5;21;01mbase[39;00m[38;5;21;01m.[39;00m[38;5;21;01m_parameter_inference[39;00m [38;5;28;01mas[39;00m [38;5;21;01mpinfer[39;00m
[0;32m     37[0m [38;5;28;01mfrom[39;00m [38;5;21;01mstatsmodels[39;00m[38;5;21;01m.[39;00m[38;5;21;01mbase[39;00m [38;5;28;01mimport[39;00m _prediction_inference [38;5;28;01mas[39;00m pred
[1;32m---> 38[0m [38;5;28;01mfrom[39;00m [38;5;21;01mstatsmodels[39;00m[38;5;21;01m.[39;00m[38;5;21;01mdistributions[39;00m [38;5;28;01mimport[39;00m genpoisson_p
[0;32m     39[0m [38;5;28;01mimport[39;00m [38;5;21;01mstatsmodels[39;00m[38;5;21;01m.[39;00m[38;5;21;01mregression[39;00m[38;5;21;01m.[39;00m[38;5;21;01mlinear_model[39;00m [38;5;28;01mas[39;00m [38;5;21;01mlm[39;00m
[0;32m     40[0m [38;5;28;01mfrom[39;00m [38;5;21;01mstatsmodels[39;00m[38;5;21;01m.[39;00m[38;5;21;01mtools[39;00m [38;5;28;01mimport[39;00m data [38;5;28;01mas[39;00m data_tools, tools

File [1;32mC:\ProgramData\anaconda3\Lib\site-packages\statsmodels\distributions\__init__.py:7[0m
[0;32m      2[0m [38;5;28;01mfrom[39;00m [38;5;21;01m.[39;00m[38;5;21;01mempirical_distribution[39;00m [38;5;28;01mimport[39;00m (
[0;32m      3[0m     ECDF, ECDFDiscrete, monotone_fn_inverter, StepFunction
[0;32m      4[0m     )
[0;32m      5[0m [38;5;28;01mfrom[39;00m [38;5;21;01m.[39;00m[38;5;21;01medgeworth[39;00m [38;5;28;01mimport[39;00m ExpandedNormal
[1;32m----> 7[0m [38;5;28;01mfrom[39;00m [38;5;21;01m.[39;00m[38;5;21;01mdiscrete[39;00m [38;5;28;01mimport[39;00m (
[0;32m      8[0m     genpoisson_p, zipoisson, zigenpoisson, zinegbin,
[0;32m      9[0m     )
[0;32m     11[0m __all__ [38;5;241m=[39m [
[0;32m     12[0m     [38;5;124m'[39m[38;5;124mECDF[39m[38;5;124m'[39m,
[0;32m     13[0m     [38;5;124m'[39m[38;5;124mECDFDiscrete[39m[38;5;124m'[39m,
[1;32m   (...)[0m
[0;32m     21[0m     [38;5;124m'[39m[38;5;124mzipoisson[39m[38;5;124m'[39m
[0;32m     22[0m     ]
[0;32m     24[0m test [38;5;241m=[39m PytestTester()

File [1;32mC:\ProgramData\anaconda3\Lib\site-packages\statsmodels\distributions\discrete.py:5[0m
[0;32m      3[0m [38;5;28;01mfrom[39;00m [38;5;21;01mscipy[39;00m[38;5;21;01m.[39;00m[38;5;21;01mstats[39;00m [38;5;28;01mimport[39;00m rv_discrete, poisson, nbinom
[0;32m      4[0m [38;5;28;01mfrom[39;00m [38;5;21;01mscipy[39;00m[38;5;21;01m.[39;00m[38;5;21;01mspecial[39;00m [38;5;28;01mimport[39;00m gammaln
[1;32m----> 5[0m [38;5;28;01mfrom[39;00m [38;5;21;01mscipy[39;00m[38;5;21;01m.[39;00m[38;5;21;01m_lib[39;00m[38;5;21;01m.[39;00m[38;5;21;01m_util[39;00m [38;5;28;01mimport[39;00m _lazywhere
[0;32m      7[0m [38;5;28;01mfrom[39;00m [38;5;21;01mstatsmodels[39;00m[38;5;21;01m.[39;00m[38;5;21;01mbase[39;00m[38;5;21;01m.[39;00m[38;5;21;01mmodel[39;00m [38;5;28;01mimport[39;00m GenericLikelihoodModel
[0;32m     10[0m [38;5;28;01mclass[39;00m [38;5;21;01mgenpoisson_p_gen[39;00m(rv_discrete):

[1;31mImportError[0m: cannot import name '_lazywhere' from 'scipy._lib._util' (C:\ProgramData\anaconda3\Lib\site-packages\scipy\_lib\_util.py)

