Traceback (most recent call last):
  File "/Users/zhenchen/anaconda3/lib/python3.10/site-packages/jupyter_cache/executors/utils.py", line 58, in single_nb_execution
    executenb(
  File "/Users/zhenchen/anaconda3/lib/python3.10/site-packages/nbclient/client.py", line 1204, in execute
    return NotebookClient(nb=nb, resources=resources, km=km, **kwargs).execute()
  File "/Users/zhenchen/anaconda3/lib/python3.10/site-packages/nbclient/util.py", line 84, in wrapped
    return just_run(coro(*args, **kwargs))
  File "/Users/zhenchen/anaconda3/lib/python3.10/site-packages/nbclient/util.py", line 62, in just_run
    return loop.run_until_complete(coro)
  File "/Users/zhenchen/anaconda3/lib/python3.10/asyncio/base_events.py", line 649, in run_until_complete
    return future.result()
  File "/Users/zhenchen/anaconda3/lib/python3.10/site-packages/nbclient/client.py", line 663, in async_execute
    await self.async_execute_cell(
  File "/Users/zhenchen/anaconda3/lib/python3.10/site-packages/nbclient/client.py", line 965, in async_execute_cell
    await self._check_raise_for_error(cell, cell_index, exec_reply)
  File "/Users/zhenchen/anaconda3/lib/python3.10/site-packages/nbclient/client.py", line 862, in _check_raise_for_error
    raise CellExecutionError.from_cell_and_msg(cell, exec_reply_content)
nbclient.exceptions.CellExecutionError: An error occurred while executing the following cell:
------------------
os.mkdir('new_dir')  # 创建一个新目录
os.makedirs('parent/child/grandchild')  # 递归创建目录
os.rmdir('new_dir')  # 删除目录（目录必须为空）
os.removedirs('parent/child/grandchild')  # 递归删除空目录
------------------

[0;31m---------------------------------------------------------------------------[0m
[0;31mNameError[0m                                 Traceback (most recent call last)
Cell [0;32mIn[47], line 1[0m
[0;32m----> 1[0m [43mos[49m[38;5;241m.[39mmkdir([38;5;124m'[39m[38;5;124mnew_dir[39m[38;5;124m'[39m)  [38;5;66;03m# 创建一个新目录[39;00m
[1;32m      2[0m os[38;5;241m.[39mmakedirs([38;5;124m'[39m[38;5;124mparent/child/grandchild[39m[38;5;124m'[39m)  [38;5;66;03m# 递归创建目录[39;00m
[1;32m      3[0m os[38;5;241m.[39mrmdir([38;5;124m'[39m[38;5;124mnew_dir[39m[38;5;124m'[39m)  [38;5;66;03m# 删除目录（目录必须为空）[39;00m

[0;31mNameError[0m: name 'os' is not defined
NameError: name 'os' is not defined

