Traceback (most recent call last):
  File "C:\ProgramData\anaconda3\Lib\site-packages\jupyter_cache\executors\utils.py", line 58, in single_nb_execution
    executenb(
  File "C:\ProgramData\anaconda3\Lib\site-packages\nbclient\client.py", line 1305, in execute
    return NotebookClient(nb=nb, resources=resources, km=km, **kwargs).execute()
           ^^^^^^^^^^^^^^^^^^^^^^^^^^^^^^^^^^^^^^^^^^^^^^^^^^^^^^^^^^^^^^^^^^^^^
  File "C:\ProgramData\anaconda3\Lib\site-packages\jupyter_core\utils\__init__.py", line 165, in wrapped
    return loop.run_until_complete(inner)
           ^^^^^^^^^^^^^^^^^^^^^^^^^^^^^^
  File "C:\ProgramData\anaconda3\Lib\asyncio\base_events.py", line 687, in run_until_complete
    return future.result()
           ^^^^^^^^^^^^^^^
  File "C:\ProgramData\anaconda3\Lib\site-packages\nbclient\client.py", line 705, in async_execute
    await self.async_execute_cell(
  File "C:\ProgramData\anaconda3\Lib\site-packages\nbclient\client.py", line 1058, in async_execute_cell
    await self._check_raise_for_error(cell, cell_index, exec_reply)
  File "C:\ProgramData\anaconda3\Lib\site-packages\nbclient\client.py", line 914, in _check_raise_for_error
    raise CellExecutionError.from_cell_and_msg(cell, exec_reply_content)
nbclient.exceptions.CellExecutionError: An error occurred while executing the following cell:
------------------
import pingouin as pg
import seaborn as sns

tips = sns.load_dataset("tips")
pg.anova(tips, dv="tip", between="sex")
------------------


[1;31m---------------------------------------------------------------------------[0m
[1;31mTypeError[0m                                 Traceback (most recent call last)
Cell [1;32mIn[19], line 1[0m
[1;32m----> 1[0m [38;5;28;01mimport[39;00m [38;5;21;01mpingouin[39;00m [38;5;28;01mas[39;00m [38;5;21;01mpg[39;00m
[0;32m      2[0m [38;5;28;01mimport[39;00m [38;5;21;01mseaborn[39;00m [38;5;28;01mas[39;00m [38;5;21;01msns[39;00m
[0;32m      4[0m tips [38;5;241m=[39m sns[38;5;241m.[39mload_dataset([38;5;124m"[39m[38;5;124mtips[39m[38;5;124m"[39m)

File [1;32mC:\ProgramData\anaconda3\Lib\site-packages\pingouin\__init__.py:7[0m
[0;32m      5[0m [38;5;28;01mfrom[39;00m [38;5;21;01m.[39;00m[38;5;21;01mdistribution[39;00m [38;5;28;01mimport[39;00m [38;5;241m*[39m
[0;32m      6[0m [38;5;28;01mfrom[39;00m [38;5;21;01m.[39;00m[38;5;21;01meffsize[39;00m [38;5;28;01mimport[39;00m [38;5;241m*[39m
[1;32m----> 7[0m [38;5;28;01mfrom[39;00m [38;5;21;01m.[39;00m[38;5;21;01mequivalence[39;00m [38;5;28;01mimport[39;00m [38;5;241m*[39m
[0;32m      8[0m [38;5;28;01mfrom[39;00m [38;5;21;01m.[39;00m[38;5;21;01mmulticomp[39;00m [38;5;28;01mimport[39;00m [38;5;241m*[39m
[0;32m      9[0m [38;5;28;01mfrom[39;00m [38;5;21;01m.[39;00m[38;5;21;01mmultivariate[39;00m [38;5;28;01mimport[39;00m [38;5;241m*[39m

File [1;32mC:\ProgramData\anaconda3\Lib\site-packages\pingouin\equivalence.py:5[0m
[0;32m      3[0m [38;5;28;01mimport[39;00m [38;5;21;01mnumpy[39;00m [38;5;28;01mas[39;00m [38;5;21;01mnp[39;00m
[0;32m      4[0m [38;5;28;01mimport[39;00m [38;5;21;01mpandas[39;00m [38;5;28;01mas[39;00m [38;5;21;01mpd[39;00m
[1;32m----> 5[0m [38;5;28;01mfrom[39;00m [38;5;21;01mpingouin[39;00m[38;5;21;01m.[39;00m[38;5;21;01mparametric[39;00m [38;5;28;01mimport[39;00m ttest
[0;32m      6[0m [38;5;28;01mfrom[39;00m [38;5;21;01mpingouin[39;00m[38;5;21;01m.[39;00m[38;5;21;01mutils[39;00m [38;5;28;01mimport[39;00m _postprocess_dataframe
[0;32m      9[0m __all__ [38;5;241m=[39m [[38;5;124m"[39m[38;5;124mtost[39m[38;5;124m"[39m]

File [1;32mC:\ProgramData\anaconda3\Lib\site-packages\pingouin\parametric.py:7[0m
[0;32m      5[0m [38;5;28;01mimport[39;00m [38;5;21;01mpandas[39;00m [38;5;28;01mas[39;00m [38;5;21;01mpd[39;00m
[0;32m      6[0m [38;5;28;01mfrom[39;00m [38;5;21;01mscipy[39;00m[38;5;21;01m.[39;00m[38;5;21;01mstats[39;00m [38;5;28;01mimport[39;00m f
[1;32m----> 7[0m [38;5;28;01mimport[39;00m [38;5;21;01mpandas_flavor[39;00m [38;5;28;01mas[39;00m [38;5;21;01mpf[39;00m
[0;32m      8[0m [38;5;28;01mfrom[39;00m [38;5;21;01mpingouin[39;00m [38;5;28;01mimport[39;00m (
[0;32m      9[0m     _check_dataframe,
[0;32m     10[0m     remove_na,
[1;32m   (...)[0m
[0;32m     15[0m     _postprocess_dataframe,
[0;32m     16[0m )
[0;32m     18[0m __all__ [38;5;241m=[39m [[38;5;124m"[39m[38;5;124mttest[39m[38;5;124m"[39m, [38;5;124m"[39m[38;5;124mrm_anova[39m[38;5;124m"[39m, [38;5;124m"[39m[38;5;124manova[39m[38;5;124m"[39m, [38;5;124m"[39m[38;5;124mwelch_anova[39m[38;5;124m"[39m, [38;5;124m"[39m[38;5;124mmixed_anova[39m[38;5;124m"[39m, [38;5;124m"[39m[38;5;124mancova[39m[38;5;124m"[39m]

File [1;32mC:\ProgramData\anaconda3\Lib\site-packages\pandas_flavor\__init__.py:13[0m
[0;32m      1[0m [38;5;124;03m"""Top-level API for pandas-flavor."""[39;00m
[0;32m      3[0m [38;5;28;01mfrom[39;00m [38;5;21;01m.[39;00m[38;5;21;01mregister[39;00m [38;5;28;01mimport[39;00m (
[0;32m      4[0m     register_dataframe_accessor,
[0;32m      5[0m     register_dataframe_groupby_accessor,
[1;32m   (...)[0m
[0;32m     11[0m     register_series_method,
[0;32m     12[0m )
[1;32m---> 13[0m [38;5;28;01mfrom[39;00m [38;5;21;01m.[39;00m[38;5;21;01mxarray[39;00m [38;5;28;01mimport[39;00m (
[0;32m     14[0m     register_xarray_dataarray_method,
[0;32m     15[0m     register_xarray_dataset_method,
[0;32m     16[0m )
[0;32m     18[0m __all__ [38;5;241m=[39m [
[0;32m     19[0m     [38;5;124m"[39m[38;5;124mregister_series_method[39m[38;5;124m"[39m,
[0;32m     20[0m     [38;5;124m"[39m[38;5;124mregister_series_accessor[39m[38;5;124m"[39m,
[1;32m   (...)[0m
[0;32m     28[0m     [38;5;124m"[39m[38;5;124mregister_xarray_dataset_method[39m[38;5;124m"[39m,
[0;32m     29[0m ]

File [1;32mC:\ProgramData\anaconda3\Lib\site-packages\pandas_flavor\xarray.py:5[0m
[0;32m      1[0m [38;5;124;03m"""XArray support for pandas_flavor."""[39;00m
[0;32m      3[0m [38;5;28;01mfrom[39;00m [38;5;21;01mfunctools[39;00m [38;5;28;01mimport[39;00m wraps
[1;32m----> 5[0m [38;5;28;01mfrom[39;00m [38;5;21;01mxarray[39;00m [38;5;28;01mimport[39;00m register_dataarray_accessor, register_dataset_accessor
[0;32m      8[0m [38;5;28;01mdef[39;00m [38;5;21mmake_accessor_wrapper[39m(method):
[0;32m      9[0m [38;5;250m    [39m[38;5;124;03m"""[39;00m
[0;32m     10[0m [38;5;124;03m    Makes an XArray-compatible accessor to wrap a method to be added to an[39;00m
[0;32m     11[0m [38;5;124;03m    xr.DataArray, xr.Dataset, or both.[39;00m
[1;32m   (...)[0m
[0;32m     17[0m [38;5;124;03m        The result of calling ``method``.[39;00m
[0;32m     18[0m [38;5;124;03m    """[39;00m

File [1;32mC:\ProgramData\anaconda3\Lib\site-packages\xarray\__init__.py:3[0m
[0;32m      1[0m [38;5;28;01mfrom[39;00m [38;5;21;01mimportlib[39;00m[38;5;21;01m.[39;00m[38;5;21;01mmetadata[39;00m [38;5;28;01mimport[39;00m version [38;5;28;01mas[39;00m _version
[1;32m----> 3[0m [38;5;28;01mfrom[39;00m [38;5;21;01mxarray[39;00m [38;5;28;01mimport[39;00m coders, groupers, indexes, testing, tutorial, ufuncs
[0;32m      4[0m [38;5;28;01mfrom[39;00m [38;5;21;01mxarray[39;00m[38;5;21;01m.[39;00m[38;5;21;01mbackends[39;00m[38;5;21;01m.[39;00m[38;5;21;01mapi[39;00m [38;5;28;01mimport[39;00m (
[0;32m      5[0m     load_dataarray,
[0;32m      6[0m     load_dataset,
[1;32m   (...)[0m
[0;32m     12[0m     open_mfdataset,
[0;32m     13[0m )
[0;32m     14[0m [38;5;28;01mfrom[39;00m [38;5;21;01mxarray[39;00m[38;5;21;01m.[39;00m[38;5;21;01mbackends[39;00m[38;5;21;01m.[39;00m[38;5;21;01mwriters[39;00m [38;5;28;01mimport[39;00m save_mfdataset

File [1;32mC:\ProgramData\anaconda3\Lib\site-packages\xarray\coders.py:6[0m
[0;32m      1[0m [38;5;124;03m"""[39;00m
[0;32m      2[0m [38;5;124;03mThis module provides coder objects that encapsulate the[39;00m
[0;32m      3[0m [38;5;124;03m"encoding/decoding" process.[39;00m
[0;32m      4[0m [38;5;124;03m"""[39;00m
[1;32m----> 6[0m [38;5;28;01mfrom[39;00m [38;5;21;01mxarray[39;00m[38;5;21;01m.[39;00m[38;5;21;01mcoding[39;00m[38;5;21;01m.[39;00m[38;5;21;01mtimes[39;00m [38;5;28;01mimport[39;00m CFDatetimeCoder, CFTimedeltaCoder
[0;32m      8[0m __all__ [38;5;241m=[39m [[38;5;124m"[39m[38;5;124mCFDatetimeCoder[39m[38;5;124m"[39m, [38;5;124m"[39m[38;5;124mCFTimedeltaCoder[39m[38;5;124m"[39m]

File [1;32mC:\ProgramData\anaconda3\Lib\site-packages\xarray\coding\times.py:15[0m
[0;32m     12[0m [38;5;28;01mimport[39;00m [38;5;21;01mpandas[39;00m [38;5;28;01mas[39;00m [38;5;21;01mpd[39;00m
[0;32m     13[0m [38;5;28;01mfrom[39;00m [38;5;21;01mpandas[39;00m[38;5;21;01m.[39;00m[38;5;21;01merrors[39;00m [38;5;28;01mimport[39;00m OutOfBoundsDatetime, OutOfBoundsTimedelta
[1;32m---> 15[0m [38;5;28;01mfrom[39;00m [38;5;21;01mxarray[39;00m[38;5;21;01m.[39;00m[38;5;21;01mcoding[39;00m[38;5;21;01m.[39;00m[38;5;21;01mcommon[39;00m [38;5;28;01mimport[39;00m (
[0;32m     16[0m     SerializationWarning,
[0;32m     17[0m     VariableCoder,
[0;32m     18[0m     lazy_elemwise_func,
[0;32m     19[0m     pop_to,
[0;32m     20[0m     safe_setitem,
[0;32m     21[0m     unpack_for_decoding,
[0;32m     22[0m     unpack_for_encoding,
[0;32m     23[0m )
[0;32m     24[0m [38;5;28;01mfrom[39;00m [38;5;21;01mxarray[39;00m[38;5;21;01m.[39;00m[38;5;21;01mcompat[39;00m[38;5;21;01m.[39;00m[38;5;21;01mpdcompat[39;00m [38;5;28;01mimport[39;00m default_precision_timestamp, timestamp_as_unit
[0;32m     25[0m [38;5;28;01mfrom[39;00m [38;5;21;01mxarray[39;00m[38;5;21;01m.[39;00m[38;5;21;01mcore[39;00m [38;5;28;01mimport[39;00m indexing

File [1;32mC:\ProgramData\anaconda3\Lib\site-packages\xarray\coding\common.py:8[0m
[0;32m      4[0m [38;5;28;01mfrom[39;00m [38;5;21;01mtyping[39;00m [38;5;28;01mimport[39;00m TYPE_CHECKING, Any, Union
[0;32m      6[0m [38;5;28;01mimport[39;00m [38;5;21;01mnumpy[39;00m [38;5;28;01mas[39;00m [38;5;21;01mnp[39;00m
[1;32m----> 8[0m [38;5;28;01mfrom[39;00m [38;5;21;01mxarray[39;00m[38;5;21;01m.[39;00m[38;5;21;01mcore[39;00m [38;5;28;01mimport[39;00m indexing
[0;32m      9[0m [38;5;28;01mfrom[39;00m [38;5;21;01mxarray[39;00m[38;5;21;01m.[39;00m[38;5;21;01mcore[39;00m[38;5;21;01m.[39;00m[38;5;21;01mvariable[39;00m [38;5;28;01mimport[39;00m Variable
[0;32m     10[0m [38;5;28;01mfrom[39;00m [38;5;21;01mxarray[39;00m[38;5;21;01m.[39;00m[38;5;21;01mnamedarray[39;00m[38;5;21;01m.[39;00m[38;5;21;01mparallelcompat[39;00m [38;5;28;01mimport[39;00m get_chunked_array_type

File [1;32mC:\ProgramData\anaconda3\Lib\site-packages\xarray\core\indexing.py:19[0m
[0;32m     16[0m [38;5;28;01mfrom[39;00m [38;5;21;01mnumpy[39;00m[38;5;21;01m.[39;00m[38;5;21;01mtyping[39;00m [38;5;28;01mimport[39;00m DTypeLike
[0;32m     17[0m [38;5;28;01mfrom[39;00m [38;5;21;01mpackaging[39;00m[38;5;21;01m.[39;00m[38;5;21;01mversion[39;00m [38;5;28;01mimport[39;00m Version
[1;32m---> 19[0m [38;5;28;01mfrom[39;00m [38;5;21;01mxarray[39;00m[38;5;21;01m.[39;00m[38;5;21;01mcore[39;00m [38;5;28;01mimport[39;00m duck_array_ops
[0;32m     20[0m [38;5;28;01mfrom[39;00m [38;5;21;01mxarray[39;00m[38;5;21;01m.[39;00m[38;5;21;01mcore[39;00m[38;5;21;01m.[39;00m[38;5;21;01mcoordinate_transform[39;00m [38;5;28;01mimport[39;00m CoordinateTransform
[0;32m     21[0m [38;5;28;01mfrom[39;00m [38;5;21;01mxarray[39;00m[38;5;21;01m.[39;00m[38;5;21;01mcore[39;00m[38;5;21;01m.[39;00m[38;5;21;01mnputils[39;00m [38;5;28;01mimport[39;00m NumpyVIndexAdapter

File [1;32mC:\ProgramData\anaconda3\Lib\site-packages\xarray\core\duck_array_ops.py:27[0m
[0;32m     19[0m [38;5;28;01mimport[39;00m [38;5;21;01mpandas[39;00m [38;5;28;01mas[39;00m [38;5;21;01mpd[39;00m
[0;32m     20[0m [38;5;28;01mfrom[39;00m [38;5;21;01mnumpy[39;00m [38;5;28;01mimport[39;00m (
[0;32m     21[0m     isclose,
[0;32m     22[0m     isnat,
[0;32m     23[0m     take,
[0;32m     24[0m     unravel_index,  [38;5;66;03m# noqa: F401[39;00m
[0;32m     25[0m )
[1;32m---> 27[0m [38;5;28;01mfrom[39;00m [38;5;21;01mxarray[39;00m[38;5;21;01m.[39;00m[38;5;21;01mcompat[39;00m [38;5;28;01mimport[39;00m dask_array_compat, dask_array_ops
[0;32m     28[0m [38;5;28;01mfrom[39;00m [38;5;21;01mxarray[39;00m[38;5;21;01m.[39;00m[38;5;21;01mcompat[39;00m[38;5;21;01m.[39;00m[38;5;21;01marray_api_compat[39;00m [38;5;28;01mimport[39;00m get_array_namespace
[0;32m     29[0m [38;5;28;01mfrom[39;00m [38;5;21;01mxarray[39;00m[38;5;21;01m.[39;00m[38;5;21;01mcore[39;00m [38;5;28;01mimport[39;00m dtypes, nputils

File [1;32mC:\ProgramData\anaconda3\Lib\site-packages\xarray\compat\dask_array_ops.py:6[0m
[0;32m      3[0m [38;5;28;01mimport[39;00m [38;5;21;01mmath[39;00m
[0;32m      5[0m [38;5;28;01mfrom[39;00m [38;5;21;01mxarray[39;00m[38;5;21;01m.[39;00m[38;5;21;01mcompat[39;00m[38;5;21;01m.[39;00m[38;5;21;01mdask_array_compat[39;00m [38;5;28;01mimport[39;00m reshape_blockwise
[1;32m----> 6[0m [38;5;28;01mfrom[39;00m [38;5;21;01mxarray[39;00m[38;5;21;01m.[39;00m[38;5;21;01mcore[39;00m [38;5;28;01mimport[39;00m dtypes, nputils
[0;32m      9[0m [38;5;28;01mdef[39;00m [38;5;21mdask_rolling_wrapper[39m(moving_func, a, window, min_count[38;5;241m=[39m[38;5;28;01mNone[39;00m, axis[38;5;241m=[39m[38;5;241m-[39m[38;5;241m1[39m):
[0;32m     10[0m [38;5;250m    [39m[38;5;124;03m"""Wrapper to apply bottleneck moving window funcs on dask arrays"""[39;00m

File [1;32mC:\ProgramData\anaconda3\Lib\site-packages\xarray\core\nputils.py:15[0m
[0;32m     12[0m [38;5;28;01mfrom[39;00m [38;5;21;01mxarray[39;00m[38;5;21;01m.[39;00m[38;5;21;01mnamedarray[39;00m [38;5;28;01mimport[39;00m pycompat
[0;32m     14[0m [38;5;66;03m# remove once numpy 2.0 is the oldest supported version[39;00m
[1;32m---> 15[0m [38;5;28;01mif[39;00m module_available([38;5;124m"[39m[38;5;124mnumpy[39m[38;5;124m"[39m, minversion[38;5;241m=[39m[38;5;124m"[39m[38;5;124m2.0.0.dev0[39m[38;5;124m"[39m):
[0;32m     16[0m     [38;5;28;01mfrom[39;00m [38;5;21;01mnumpy[39;00m[38;5;21;01m.[39;00m[38;5;21;01mlib[39;00m[38;5;21;01m.[39;00m[38;5;21;01marray_utils[39;00m [38;5;28;01mimport[39;00m (  [38;5;66;03m# type: ignore[import-not-found,unused-ignore][39;00m
[0;32m     17[0m         normalize_axis_index,
[0;32m     18[0m     )
[0;32m     19[0m [38;5;28;01melse[39;00m:

File [1;32mC:\ProgramData\anaconda3\Lib\site-packages\xarray\namedarray\utils.py:58[0m, in [0;36mmodule_available[1;34m(module, minversion)[0m
[0;32m     55[0m [38;5;28;01mif[39;00m minversion [38;5;129;01mis[39;00m [38;5;129;01mnot[39;00m [38;5;28;01mNone[39;00m:
[0;32m     56[0m     version [38;5;241m=[39m importlib[38;5;241m.[39mmetadata[38;5;241m.[39mversion(module)
[1;32m---> 58[0m     [38;5;28;01mreturn[39;00m Version(version) [38;5;241m>[39m[38;5;241m=[39m Version(minversion)
[0;32m     60[0m [38;5;28;01mreturn[39;00m [38;5;28;01mTrue[39;00m

File [1;32mC:\ProgramData\anaconda3\Lib\site-packages\packaging\version.py:200[0m, in [0;36mVersion.__init__[1;34m(self, version)[0m
[0;32m    189[0m [38;5;250m[39m[38;5;124;03m"""Initialize a Version object.[39;00m
[0;32m    190[0m 
[0;32m    191[0m [38;5;124;03m:param version:[39;00m
[1;32m   (...)[0m
[0;32m    196[0m [38;5;124;03m    exception will be raised.[39;00m
[0;32m    197[0m [38;5;124;03m"""[39;00m
[0;32m    199[0m [38;5;66;03m# Validate the version and parse it into pieces[39;00m
[1;32m--> 200[0m match [38;5;241m=[39m [38;5;28mself[39m[38;5;241m.[39m_regex[38;5;241m.[39msearch(version)
[0;32m    201[0m [38;5;28;01mif[39;00m [38;5;129;01mnot[39;00m match:
[0;32m    202[0m     [38;5;28;01mraise[39;00m InvalidVersion([38;5;124mf[39m[38;5;124m"[39m[38;5;124mInvalid version: [39m[38;5;132;01m{[39;00mversion[38;5;132;01m!r}[39;00m[38;5;124m"[39m)

[1;31mTypeError[0m: expected string or bytes-like object, got 'NoneType'

